Traceback (most recent call last):
  File "C:\Users\Adel\AppData\Roaming\Python\Python313\site-packages\sqlalchemy\engine\base.py", line 1815, in _execute_context
    context = constructor(
        dialect, self, conn, execution_options, *args, **kw
    )
  File "C:\Users\Adel\AppData\Roaming\Python\Python313\site-packages\sqlalchemy\engine\default.py", line 1493, in _init_compiled
    flattened_processors[key](compiled_params[key])
    ~~~~~~~~~~~~~~~~~~~~~~~~~^^^^^^^^^^^^^^^^^^^^^^
  File "C:\Users\Adel\AppData\Roaming\Python\Python313\site-packages\sqlalchemy\sql\sqltypes.py", line 3734, in process
    value = value.hex
            ^^^^^^^^^
AttributeError: 'str' object has no attribute 'hex'

The above exception was the direct cause of the following exception:

Traceback (most recent call last):
  File "C:\Users\Adel\AppData\Roaming\Python\Python313\site-packages\starlette\middleware\errors.py", line 164, in __call__
    await self.app(scope, receive, _send)
  File "C:\Users\Adel\AppData\Roaming\Python\Python313\site-packages\starlette\middleware\cors.py", line 85, in __call__
    await self.app(scope, receive, send)
  File "C:\Users\Adel\AppData\Roaming\Python\Python313\site-packages\starlette\middleware\exceptions.py", line 63, in __call__
    await wrap_app_handling_exceptions(self.app, conn)(scope, receive, send)
  File "C:\Users\Adel\AppData\Roaming\Python\Python313\site-packages\starlette\_exception_handler.py", line 53, in wrapped_app
    raise exc
  File "C:\Users\Adel\AppData\Roaming\Python\Python313\site-packages\starlette\_exception_handler.py", line 42, in wrapped_app
    await app(scope, receive, sender)
  File "C:\Users\Adel\AppData\Roaming\Python\Python313\site-packages\fastapi\middleware\asyncexitstack.py", line 18, in __call__
    await self.app(scope, receive, send)
  File "C:\Users\Adel\AppData\Roaming\Python\Python313\site-packages\starlette\routing.py", line 716, in __call__
    await self.middleware_stack(scope, receive, send)
  File "C:\Users\Adel\AppData\Roaming\Python\Python313\site-packages\starlette\routing.py", line 736, in app
    await route.handle(scope, receive, send)
  File "C:\Users\Adel\AppData\Roaming\Python\Python313\site-packages\starlette\routing.py", line 290, in handle
    await self.app(scope, receive, send)
  File "C:\Users\Adel\AppData\Roaming\Python\Python313\site-packages\fastapi\routing.py", line 123, in app
    await wrap_app_handling_exceptions(app, request)(scope, receive, send)
  File "C:\Users\Adel\AppData\Roaming\Python\Python313\site-packages\starlette\_exception_handler.py", line 53, in wrapped_app
    raise exc
  File "C:\Users\Adel\AppData\Roaming\Python\Python313\site-packages\starlette\_exception_handler.py", line 42, in wrapped_app
    await app(scope, receive, sender)
  File "C:\Users\Adel\AppData\Roaming\Python\Python313\site-packages\fastapi\routing.py", line 109, in app
    response = await f(request)
               ^^^^^^^^^^^^^^^^
  File "C:\Users\Adel\AppData\Roaming\Python\Python313\site-packages\fastapi\routing.py", line 387, in app
    raw_response = await run_endpoint_function(
                   ^^^^^^^^^^^^^^^^^^^^^^^^^^^^
    ...<3 lines>...
    )
    ^
  File "C:\Users\Adel\AppData\Roaming\Python\Python313\site-packages\fastapi\routing.py", line 290, in run_endpoint_function
    return await run_in_threadpool(dependant.call, **values)
           ^^^^^^^^^^^^^^^^^^^^^^^^^^^^^^^^^^^^^^^^^^^^^^^^^
  File "C:\Users\Adel\AppData\Roaming\Python\Python313\site-packages\starlette\concurrency.py", line 38, in run_in_threadpool
    return await anyio.to_thread.run_sync(func)
           ^^^^^^^^^^^^^^^^^^^^^^^^^^^^^^^^^^^^
  File "C:\Users\Adel\AppData\Roaming\Python\Python313\site-packages\anyio\to_thread.py", line 56, in run_sync
    return await get_async_backend().run_sync_in_worker_thread(
           ^^^^^^^^^^^^^^^^^^^^^^^^^^^^^^^^^^^^^^^^^^^^^^^^^^^^
        func, args, abandon_on_cancel=abandon_on_cancel, limiter=limiter
        ^^^^^^^^^^^^^^^^^^^^^^^^^^^^^^^^^^^^^^^^^^^^^^^^^^^^^^^^^^^^^^^^
    )
    ^
  File "C:\Users\Adel\AppData\Roaming\Python\Python313\site-packages\anyio\_backends\_asyncio.py", line 2485, in run_sync_in_worker_thread
    return await future
           ^^^^^^^^^^^^
  File "C:\Users\Adel\AppData\Roaming\Python\Python313\site-packages\anyio\_backends\_asyncio.py", line 976, in run
    result = context.run(func, *args)
  File "C:\Users\Adel\Documents\AgentGrid\AgentGrid\backend\agentgrid-backend\app\api\v1\endpoints\agents.py", line 100, in execute_agent
    return ExecutionService.execute_agent(db, agent_id, inputs, current_user)
           ~~~~~~~~~~~~~~~~~~~~~~~~~~~~~~^^^^^^^^^^^^^^^^^^^^^^^^^^^^^^^^^^^^
  File "C:\Users\Adel\Documents\AgentGrid\AgentGrid\backend\agentgrid-backend\app\services\execution.py", line 20, in execute_agent
    db_agent = db.query(Agent).filter(Agent.id == agent_id).first()
  File "C:\Users\Adel\AppData\Roaming\Python\Python313\site-packages\sqlalchemy\orm\query.py", line 2759, in first
    return self.limit(1)._iter().first()  # type: ignore
           ~~~~~~~~~~~~~~~~~~~^^
  File "C:\Users\Adel\AppData\Roaming\Python\Python313\site-packages\sqlalchemy\orm\query.py", line 2857, in _iter
    result: Union[ScalarResult[_T], Result[_T]] = self.session.execute(
                                                  ~~~~~~~~~~~~~~~~~~~~^
        statement,
        ^^^^^^^^^^
        params,
        ^^^^^^^
        execution_options={"_sa_orm_load_options": self.load_options},
        ^^^^^^^^^^^^^^^^^^^^^^^^^^^^^^^^^^^^^^^^^^^^^^^^^^^^^^^^^^^^^^
    )
    ^
  File "C:\Users\Adel\AppData\Roaming\Python\Python313\site-packages\sqlalchemy\orm\session.py", line 2365, in execute
    return self._execute_internal(
           ~~~~~~~~~~~~~~~~~~~~~~^
        statement,
        ^^^^^^^^^^
    ...<4 lines>...
        _add_event=_add_event,
        ^^^^^^^^^^^^^^^^^^^^^^
    )
    ^
  File "C:\Users\Adel\AppData\Roaming\Python\Python313\site-packages\sqlalchemy\orm\session.py", line 2251, in _execute_internal
    result: Result[Any] = compile_state_cls.orm_execute_statement(
                          ~~~~~~~~~~~~~~~~~~~~~~~~~~~~~~~~~~~~~~~^
        self,
        ^^^^^
    ...<4 lines>...
        conn,
        ^^^^^
    )
    ^
  File "C:\Users\Adel\AppData\Roaming\Python\Python313\site-packages\sqlalchemy\orm\context.py", line 306, in orm_execute_statement
    result = conn.execute(
        statement, params or {}, execution_options=execution_options
    )
  File "C:\Users\Adel\AppData\Roaming\Python\Python313\site-packages\sqlalchemy\engine\base.py", line 1419, in execute
    return meth(
        self,
        distilled_parameters,
        execution_options or NO_OPTIONS,
    )
  File "C:\Users\Adel\AppData\Roaming\Python\Python313\site-packages\sqlalchemy\sql\elements.py", line 526, in _execute_on_connection
    return connection._execute_clauseelement(
           ~~~~~~~~~~~~~~~~~~~~~~~~~~~~~~~~~^
        self, distilled_params, execution_options
        ^^^^^^^^^^^^^^^^^^^^^^^^^^^^^^^^^^^^^^^^^
    )
    ^
  File "C:\Users\Adel\AppData\Roaming\Python\Python313\site-packages\sqlalchemy\engine\base.py", line 1641, in _execute_clauseelement
    ret = self._execute_context(
        dialect,
    ...<8 lines>...
        cache_hit=cache_hit,
    )
  File "C:\Users\Adel\AppData\Roaming\Python\Python313\site-packages\sqlalchemy\engine\base.py", line 1821, in _execute_context
    self._handle_dbapi_exception(
    ~~~~~~~~~~~~~~~~~~~~~~~~~~~~^
        e, str(statement), parameters, None, None
        ^^^^^^^^^^^^^^^^^^^^^^^^^^^^^^^^^^^^^^^^^
    )
    ^
  File "C:\Users\Adel\AppData\Roaming\Python\Python313\site-packages\sqlalchemy\engine\base.py", line 2355, in _handle_dbapi_exception
    raise sqlalchemy_exception.with_traceback(exc_info[2]) from e
  File "C:\Users\Adel\AppData\Roaming\Python\Python313\site-packages\sqlalchemy\engine\base.py", line 1815, in _execute_context
    context = constructor(
        dialect, self, conn, execution_options, *args, **kw
    )
  File "C:\Users\Adel\AppData\Roaming\Python\Python313\site-packages\sqlalchemy\engine\default.py", line 1493, in _init_compiled
    flattened_processors[key](compiled_params[key])
    ~~~~~~~~~~~~~~~~~~~~~~~~~^^^^^^^^^^^^^^^^^^^^^^
  File "C:\Users\Adel\AppData\Roaming\Python\Python313\site-packages\sqlalchemy\sql\sqltypes.py", line 3734, in process
    value = value.hex
            ^^^^^^^^^
sqlalchemy.exc.StatementError: (builtins.AttributeError) 'str' object has no attribute 'hex'
[SQL: SELECT agents.id AS agents_id, agents.name AS agents_name, agents.description AS agents_description, agents.long_description AS agents_long_description, agents.category AS agents_category, agents.tags AS agents_tags, agents.price_per_run AS agents_price_per_run, agents.rating AS agents_rating, agents.total_runs AS agents_total_runs, agents.total_reviews AS agents_total_reviews, agents.status AS agents_status, agents.config AS agents_config, agents.capabilities AS agents_capabilities, agents.limitations AS agents_limitations, agents.demo_available AS agents_demo_available, agents.version AS agents_version, agents.thumbnail_url AS agents_thumbnail_url, agents.creator_id AS agents_creator_id, agents.created_at AS agents_created_at, agents.updated_at AS agents_updated_at 
FROM agents 
WHERE agents.id = ?
 LIMIT ? OFFSET ?]
[parameters: [{}]]
